[35m[Appium][39m Welcome to Appium v1.22.3
[35m[Appium][39m Non-default server args:
[35m[Appium][39m   port: 61512
[35m[Appium][39m   loglevel: info
[35m[Appium][39m   tmpDir: C:\Users\admin\AppData\Local\Temp\\Katalon\Appium\Temp1709784304936
[35m[Appium][39m Appium REST http interface listener started on 0.0.0.0:61512
[35m[HTTP][39m [37m-->[39m [37mGET[39m [37m/wd/hub/status[39m
[35m[HTTP][39m [90m{}[39m
[35m[HTTP][39m [37m<-- GET /wd/hub/status [39m[32m200[39m [90m7 ms - 68[39m
[35m[HTTP][39m [90m[39m
[35m[HTTP][39m [37m-->[39m [37mGET[39m [37m/wd/hub/status[39m
[35m[HTTP][39m [90m{}[39m
[35m[HTTP][39m [37m<-- GET /wd/hub/status [39m[32m200[39m [90m1 ms - 68[39m
[35m[HTTP][39m [90m[39m
[35m[HTTP][39m [37m-->[39m [37mPOST[39m [37m/wd/hub/session[39m
[35m[HTTP][39m [90m{"desiredCapabilities":{"app":"C:\\Users\\admin\\Downloads\\app-release.apk","noReset":true,"newCommandTimeout":1800,"platformVersion":"12","automationName":"uiautomator2","autoGrantPermissions":true,"platformName":"Android","udid":"ZHX8GMBYW4TSVG8L","deviceName":"vivo vivo 2019 (Android 12)","fullReset":false,"systemPort":61522},"capabilities":{"firstMatch":[{"appium:app":"C:\\Users\\admin\\Downloads\\app-release.apk","appium:autoGrantPermissions":true,"appium:automationName":"uiautomator2","appium:deviceName":"vivo vivo 2019 (Android 12)","appium:fullReset":false,"appium:newCommandTimeout":1800,"appium:noReset":true,"platformName":"android","appium:platformVersion":"12","appium:systemPort":61522,"appium:udid":"ZHX8GMBYW4TSVG8L"}]}}[39m
[35m[Appium][39m Appium v1.22.3 creating new AndroidUiautomator2Driver (v1.70.1) session
[35m[BaseDriver][39m Session created with session id: b1c0372b-0b67-4fbd-a992-71d1d3d0beb9
[35m[BaseDriver][39m Using local app 'C:\Users\admin\Downloads\app-release.apk'
[35m[ADB][39m Found 2 'build-tools' folders under 'C:\Users\admin\AppData\Local\Android\Sdk' (newest first):
[35m[ADB][39m     C:/Users/admin/AppData/Local/Android/Sdk/build-tools/34.0.0
[35m[ADB][39m     C:/Users/admin/AppData/Local/Android/Sdk/build-tools/33.0.1
[35m[ADB][39m Using 'adb.exe' from 'C:\Users\admin\AppData\Local\Android\Sdk\platform-tools\adb.exe'
[35m[AndroidDriver][39m Retrieving device list
[35m[AndroidDriver][39m Using device: ZHX8GMBYW4TSVG8L
[35m[ADB][39m Using 'adb.exe' from 'C:\Users\admin\AppData\Local\Android\Sdk\platform-tools\adb.exe'
[35m[ADB][39m Getting device platform version
[35m[UiAutomator2][39m Relaxing hidden api policy
[35m[ADB][39m Package name: 'com.ezc_frontend'
[35m[ADB][39m Main activity name: 'com.ezc_frontend.MainActivity'
[35m[ADB][39m The application at 'C:\Users\admin\AppData\Roaming\npm\node_modules\appium\node_modules\io.appium.settings\apks\settings_apk-debug.apk' will not be cached, because the device under test has confirmed the support of streamed installs
[35m[ADB][39m The installation of 'settings_apk-debug.apk' took 6176ms
[35m[ADB][39m Using 'apksigner.jar' from 'C:\Users\admin\AppData\Local\Android\Sdk\build-tools\34.0.0\lib\apksigner.jar'
[35m[ADB][39m 'C:\Users\admin\AppData\Roaming\npm\node_modules\appium\node_modules\appium-uiautomator2-server\apks\appium-uiautomator2-server-v4.27.0.apk' is signed with the default certificate
[35m[ADB][39m 'C:\Users\admin\AppData\Roaming\npm\node_modules\appium\node_modules\appium-uiautomator2-server\apks\appium-uiautomator2-server-debug-androidTest.apk' is signed with the default certificate
[35m[UiAutomator2][39m Server packages are not going to be (re)installed
[35m[ADB][39m Adding packages ["io.appium.settings","io.appium.uiautomator2.server","io.appium.uiautomator2.server.test"] to Doze whitelist
[35m[ADB][39m 'C:\Users\admin\Downloads\app-release.apk' is signed with a non-default certificate
[35m[ADB][39m The application at 'C:\Users\admin\Downloads\app-release.apk' will not be cached, because the device under test has confirmed the support of streamed installs
[35m[ADB][39m The installation of 'app-release.apk' took 12186ms
[35m[UiAutomator2][39m Starting UIAutomator2 server 4.27.0
[35m[UiAutomator2][39m Using UIAutomator2 server from 'C:\Users\admin\AppData\Roaming\npm\node_modules\appium\node_modules\appium-uiautomator2-server\apks\appium-uiautomator2-server-v4.27.0.apk' and test from 'C:\Users\admin\AppData\Roaming\npm\node_modules\appium\node_modules\appium-uiautomator2-server\apks\appium-uiautomator2-server-debug-androidTest.apk'
[35m[UiAutomator2][39m Waiting up to 30000ms for UiAutomator2 to be online...
[35m[WD Proxy][39m socket hang up
[35m[WD Proxy][39m socket hang up
[35m[WD Proxy][39m socket hang up
[35m[WD Proxy][39m socket hang up
[35m[WD Proxy][39m socket hang up
[35m[WD Proxy][39m socket hang up
[35m[WD Proxy][39m socket hang up
[35m[WD Proxy][39m Determined the downstream protocol as 'W3C'
[35m[AndroidDriver][39m Screen already unlocked, doing nothing
[35m[UiAutomator2][39m Starting 'com.ezc_frontend/com.ezc_frontend.MainActivity and waiting for 'com.ezc_frontend/com.ezc_frontend.MainActivity'
[35m[Appium][39m New AndroidUiautomator2Driver session created successfully, session b1c0372b-0b67-4fbd-a992-71d1d3d0beb9 added to master session list
[35m[HTTP][39m [37m<-- POST /wd/hub/session [39m[32m200[39m [90m35806 ms - 1177[39m
[35m[HTTP][39m [90m[39m
[35m[HTTP][39m [37m-->[39m [37mGET[39m [37m/wd/hub/session/b1c0372b-0b67-4fbd-a992-71d1d3d0beb9[39m
[35m[HTTP][39m [90m{}[39m
[35m[HTTP][39m [37m<-- GET /wd/hub/session/b1c0372b-0b67-4fbd-a992-71d1d3d0beb9 [39m[32m200[39m [90m33 ms - 1131[39m
[35m[HTTP][39m [90m[39m
[35m[HTTP][39m [37m-->[39m [37mGET[39m [37m/wd/hub/session/b1c0372b-0b67-4fbd-a992-71d1d3d0beb9[39m
[35m[HTTP][39m [90m{}[39m
[35m[HTTP][39m [37m<-- GET /wd/hub/session/b1c0372b-0b67-4fbd-a992-71d1d3d0beb9 [39m[32m200[39m [90m31 ms - 1131[39m
[35m[HTTP][39m [90m[39m
[35m[HTTP][39m [37m-->[39m [37mGET[39m [37m/wd/hub/status[39m
[35m[HTTP][39m [90m{}[39m
[35m[HTTP][39m [37m<-- GET /wd/hub/status [39m[32m200[39m [90m1 ms - 68[39m
[35m[HTTP][39m [90m[39m
[35m[HTTP][39m [37m-->[39m [37mPOST[39m [37m/wd/hub/session/b1c0372b-0b67-4fbd-a992-71d1d3d0beb9/timeouts[39m
[35m[HTTP][39m [90m{"implicit":60000}[39m
[35m[HTTP][39m [37m<-- POST /wd/hub/session/b1c0372b-0b67-4fbd-a992-71d1d3d0beb9/timeouts [39m[32m200[39m [90m4 ms - 14[39m
[35m[HTTP][39m [90m[39m
[35m[HTTP][39m [37m-->[39m [37mGET[39m [37m/wd/hub/session/b1c0372b-0b67-4fbd-a992-71d1d3d0beb9/source[39m
[35m[HTTP][39m [90m{}[39m
[35m[W3C (b1c0372b)][39m Driver proxy active, passing request on via HTTP proxy
[35m[WD Proxy][39m Replacing sessionId 20c4ee28-e9c6-450f-a80a-ad405b67c045 with b1c0372b-0b67-4fbd-a992-71d1d3d0beb9
[35m[HTTP][39m [37m<-- GET /wd/hub/session/b1c0372b-0b67-4fbd-a992-71d1d3d0beb9/source [39m[32m200[39m [90m697 ms - 5712[39m
[35m[HTTP][39m [90m[39m
[35m[HTTP][39m [37m-->[39m [37mGET[39m [37m/wd/hub/session/b1c0372b-0b67-4fbd-a992-71d1d3d0beb9/screenshot[39m
[35m[HTTP][39m [90m{}[39m
[35m[HTTP][39m [37m<-- GET /wd/hub/session/b1c0372b-0b67-4fbd-a992-71d1d3d0beb9/screenshot [39m[32m200[39m [90m1502 ms - 100632[39m
[35m[HTTP][39m [90m[39m
[35m[HTTP][39m [37m-->[39m [37mGET[39m [37m/wd/hub/session/b1c0372b-0b67-4fbd-a992-71d1d3d0beb9/source[39m
[35m[HTTP][39m [90m{}[39m
[35m[W3C (b1c0372b)][39m Driver proxy active, passing request on via HTTP proxy
[35m[WD Proxy][39m Replacing sessionId 20c4ee28-e9c6-450f-a80a-ad405b67c045 with b1c0372b-0b67-4fbd-a992-71d1d3d0beb9
[35m[HTTP][39m [37m<-- GET /wd/hub/session/b1c0372b-0b67-4fbd-a992-71d1d3d0beb9/source [39m[32m200[39m [90m341 ms - 8682[39m
[35m[HTTP][39m [90m[39m
[35m[HTTP][39m [37m-->[39m [37mGET[39m [37m/wd/hub/session/b1c0372b-0b67-4fbd-a992-71d1d3d0beb9/screenshot[39m
[35m[HTTP][39m [90m{}[39m
[35m[HTTP][39m [37m<-- GET /wd/hub/session/b1c0372b-0b67-4fbd-a992-71d1d3d0beb9/screenshot [39m[32m200[39m [90m1171 ms - 164338[39m
[35m[HTTP][39m [90m[39m
[35m[HTTP][39m [37m-->[39m [37mPOST[39m [37m/wd/hub/session/b1c0372b-0b67-4fbd-a992-71d1d3d0beb9/elements[39m
[35m[HTTP][39m [90m{"using":"xpath","value":"//*[@class = 'android.view.View' and (@text = '' or . = '')]"}[39m
[35m[HTTP][39m [37m<-- POST /wd/hub/session/b1c0372b-0b67-4fbd-a992-71d1d3d0beb9/elements [39m[32m200[39m [90m2392 ms - 139[39m
[35m[HTTP][39m [90m[39m
[35m[HTTP][39m [37m-->[39m [37mGET[39m [37m/wd/hub/session/b1c0372b-0b67-4fbd-a992-71d1d3d0beb9/window/rect[39m
[35m[HTTP][39m [90m{}[39m
[35m[HTTP][39m [37m<-- GET /wd/hub/session/b1c0372b-0b67-4fbd-a992-71d1d3d0beb9/window/rect [39m[32m200[39m [90m47 ms - 49[39m
[35m[HTTP][39m [90m[39m
[35m[HTTP][39m [37m-->[39m [37mPOST[39m [37m/wd/hub/session/b1c0372b-0b67-4fbd-a992-71d1d3d0beb9/elements[39m
[35m[HTTP][39m [90m{"using":"xpath","value":"//*[@class = 'android.view.View' and (@text = '' or . = '')]"}[39m
[35m[HTTP][39m [37m<-- POST /wd/hub/session/b1c0372b-0b67-4fbd-a992-71d1d3d0beb9/elements [39m[32m200[39m [90m509 ms - 139[39m
[35m[HTTP][39m [90m[39m
[35m[HTTP][39m [37m-->[39m [37mGET[39m [37m/wd/hub/session/b1c0372b-0b67-4fbd-a992-71d1d3d0beb9/element/00000000-0000-02d8-ffff-ffff0000001a/location[39m
[35m[HTTP][39m [90m{}[39m
[35m[W3C (b1c0372b)][39m Driver proxy active, passing request on via HTTP proxy
[35m[WD Proxy][39m Replacing sessionId 20c4ee28-e9c6-450f-a80a-ad405b67c045 with b1c0372b-0b67-4fbd-a992-71d1d3d0beb9
[35m[HTTP][39m [37m<-- GET /wd/hub/session/b1c0372b-0b67-4fbd-a992-71d1d3d0beb9/element/00000000-0000-02d8-ffff-ffff0000001a/location [39m[32m200[39m [90m58 ms - 78[39m
[35m[HTTP][39m [90m[39m
[35m[HTTP][39m [37m-->[39m [37mPOST[39m [37m/wd/hub/session/b1c0372b-0b67-4fbd-a992-71d1d3d0beb9/element/00000000-0000-02d8-ffff-ffff0000001a/click[39m
[35m[HTTP][39m [90m{"id":"00000000-0000-02d8-ffff-ffff0000001a"}[39m
[35m[HTTP][39m [37m<-- POST /wd/hub/session/b1c0372b-0b67-4fbd-a992-71d1d3d0beb9/element/00000000-0000-02d8-ffff-ffff0000001a/click [39m[32m200[39m [90m112 ms - 14[39m
[35m[HTTP][39m [90m[39m
[35m[HTTP][39m [37m-->[39m [37mGET[39m [37m/wd/hub/session/b1c0372b-0b67-4fbd-a992-71d1d3d0beb9/source[39m
[35m[HTTP][39m [90m{}[39m
[35m[W3C (b1c0372b)][39m Driver proxy active, passing request on via HTTP proxy
[35m[WD Proxy][39m Replacing sessionId 20c4ee28-e9c6-450f-a80a-ad405b67c045 with b1c0372b-0b67-4fbd-a992-71d1d3d0beb9
[35m[HTTP][39m [37m<-- GET /wd/hub/session/b1c0372b-0b67-4fbd-a992-71d1d3d0beb9/source [39m[32m200[39m [90m385 ms - 8216[39m
[35m[HTTP][39m [90m[39m
[35m[HTTP][39m [37m-->[39m [37mGET[39m [37m/wd/hub/session/b1c0372b-0b67-4fbd-a992-71d1d3d0beb9/screenshot[39m
[35m[HTTP][39m [90m{}[39m
[35m[HTTP][39m [37m<-- GET /wd/hub/session/b1c0372b-0b67-4fbd-a992-71d1d3d0beb9/screenshot [39m[32m200[39m [90m888 ms - 182134[39m
[35m[HTTP][39m [90m[39m
[35m[HTTP][39m [37m-->[39m [37mGET[39m [37m/wd/hub/session/b1c0372b-0b67-4fbd-a992-71d1d3d0beb9/window/rect[39m
[35m[HTTP][39m [90m{}[39m
[35m[HTTP][39m [37m<-- GET /wd/hub/session/b1c0372b-0b67-4fbd-a992-71d1d3d0beb9/window/rect [39m[32m200[39m [90m50 ms - 49[39m
[35m[HTTP][39m [90m[39m
[35m[HTTP][39m [37m-->[39m [37mPOST[39m [37m/wd/hub/session/b1c0372b-0b67-4fbd-a992-71d1d3d0beb9/elements[39m
[35m[HTTP][39m [90m{"using":"xpath","value":"//*[@class = 'android.view.View' and (@text = '' or . = '')]"}[39m
[35m[HTTP][39m [37m<-- POST /wd/hub/session/b1c0372b-0b67-4fbd-a992-71d1d3d0beb9/elements [39m[32m200[39m [90m493 ms - 139[39m
[35m[HTTP][39m [90m[39m
[35m[HTTP][39m [37m-->[39m [37mGET[39m [37m/wd/hub/session/b1c0372b-0b67-4fbd-a992-71d1d3d0beb9/element/00000000-0000-02d8-ffff-ffff00000027/location[39m
[35m[HTTP][39m [90m{}[39m
[35m[W3C (b1c0372b)][39m Driver proxy active, passing request on via HTTP proxy
[35m[WD Proxy][39m Replacing sessionId 20c4ee28-e9c6-450f-a80a-ad405b67c045 with b1c0372b-0b67-4fbd-a992-71d1d3d0beb9
[35m[HTTP][39m [37m<-- GET /wd/hub/session/b1c0372b-0b67-4fbd-a992-71d1d3d0beb9/element/00000000-0000-02d8-ffff-ffff00000027/location [39m[32m200[39m [90m54 ms - 78[39m
[35m[HTTP][39m [90m[39m
[35m[HTTP][39m [37m-->[39m [37mPOST[39m [37m/wd/hub/session/b1c0372b-0b67-4fbd-a992-71d1d3d0beb9/element/00000000-0000-02d8-ffff-ffff00000027/click[39m
[35m[HTTP][39m [90m{"id":"00000000-0000-02d8-ffff-ffff00000027"}[39m
[35m[HTTP][39m [37m<-- POST /wd/hub/session/b1c0372b-0b67-4fbd-a992-71d1d3d0beb9/element/00000000-0000-02d8-ffff-ffff00000027/click [39m[32m200[39m [90m102 ms - 14[39m
[35m[HTTP][39m [90m[39m
[35m[HTTP][39m [37m-->[39m [37mGET[39m [37m/wd/hub/session/b1c0372b-0b67-4fbd-a992-71d1d3d0beb9/source[39m
[35m[HTTP][39m [90m{}[39m
[35m[W3C (b1c0372b)][39m Driver proxy active, passing request on via HTTP proxy
[35m[WD Proxy][39m Replacing sessionId 20c4ee28-e9c6-450f-a80a-ad405b67c045 with b1c0372b-0b67-4fbd-a992-71d1d3d0beb9
[35m[HTTP][39m [37m<-- GET /wd/hub/session/b1c0372b-0b67-4fbd-a992-71d1d3d0beb9/source [39m[32m200[39m [90m1317 ms - 17866[39m
[35m[HTTP][39m [90m[39m
[35m[HTTP][39m [37m-->[39m [37mGET[39m [37m/wd/hub/session/b1c0372b-0b67-4fbd-a992-71d1d3d0beb9/screenshot[39m
[35m[HTTP][39m [90m{}[39m
[35m[HTTP][39m [37m<-- GET /wd/hub/session/b1c0372b-0b67-4fbd-a992-71d1d3d0beb9/screenshot [39m[32m200[39m [90m765 ms - 202558[39m
[35m[HTTP][39m [90m[39m
[35m[HTTP][39m [37m-->[39m [37mPOST[39m [37m/wd/hub/session/b1c0372b-0b67-4fbd-a992-71d1d3d0beb9/elements[39m
[35m[HTTP][39m [90m{"using":"xpath","value":"//*[@class = 'android.widget.TextView' and (@text = 'Register' or . = 'Register')]"}[39m
[35m[HTTP][39m [37m<-- POST /wd/hub/session/b1c0372b-0b67-4fbd-a992-71d1d3d0beb9/elements [39m[32m200[39m [90m1018 ms - 139[39m
[35m[HTTP][39m [90m[39m
[35m[HTTP][39m [37m-->[39m [37mPOST[39m [37m/wd/hub/session/b1c0372b-0b67-4fbd-a992-71d1d3d0beb9/elements[39m
[35m[HTTP][39m [90m{"using":"xpath","value":"//*[@class = 'android.widget.TextView' and (@text = 'Register' or . = 'Register')]"}[39m
[35m[HTTP][39m [37m<-- POST /wd/hub/session/b1c0372b-0b67-4fbd-a992-71d1d3d0beb9/elements [39m[32m200[39m [90m745 ms - 139[39m
[35m[HTTP][39m [90m[39m
[35m[HTTP][39m [37m-->[39m [37mGET[39m [37m/wd/hub/session/b1c0372b-0b67-4fbd-a992-71d1d3d0beb9/window/rect[39m
[35m[HTTP][39m [90m{}[39m
[35m[HTTP][39m [37m<-- GET /wd/hub/session/b1c0372b-0b67-4fbd-a992-71d1d3d0beb9/window/rect [39m[32m200[39m [90m37 ms - 49[39m
[35m[HTTP][39m [90m[39m
[35m[HTTP][39m [37m-->[39m [37mPOST[39m [37m/wd/hub/session/b1c0372b-0b67-4fbd-a992-71d1d3d0beb9/elements[39m
[35m[HTTP][39m [90m{"using":"xpath","value":"//*[@class = 'android.widget.TextView' and (@text = 'Register' or . = 'Register')]"}[39m
[35m[HTTP][39m [37m<-- POST /wd/hub/session/b1c0372b-0b67-4fbd-a992-71d1d3d0beb9/elements [39m[32m200[39m [90m728 ms - 139[39m
[35m[HTTP][39m [90m[39m
[35m[HTTP][39m [37m-->[39m [37mGET[39m [37m/wd/hub/session/b1c0372b-0b67-4fbd-a992-71d1d3d0beb9/element/00000000-0000-02d8-ffff-ffff0000003f/location[39m
[35m[HTTP][39m [90m{}[39m
[35m[W3C (b1c0372b)][39m Driver proxy active, passing request on via HTTP proxy
[35m[WD Proxy][39m Replacing sessionId 20c4ee28-e9c6-450f-a80a-ad405b67c045 with b1c0372b-0b67-4fbd-a992-71d1d3d0beb9
[35m[HTTP][39m [37m<-- GET /wd/hub/session/b1c0372b-0b67-4fbd-a992-71d1d3d0beb9/element/00000000-0000-02d8-ffff-ffff0000003f/location [39m[32m200[39m [90m53 ms - 79[39m
[35m[HTTP][39m [90m[39m
[35m[HTTP][39m [37m-->[39m [37mPOST[39m [37m/wd/hub/session/b1c0372b-0b67-4fbd-a992-71d1d3d0beb9/element/00000000-0000-02d8-ffff-ffff0000003f/click[39m
[35m[HTTP][39m [90m{"id":"00000000-0000-02d8-ffff-ffff0000003f"}[39m
[35m[HTTP][39m [37m<-- POST /wd/hub/session/b1c0372b-0b67-4fbd-a992-71d1d3d0beb9/element/00000000-0000-02d8-ffff-ffff0000003f/click [39m[32m200[39m [90m103 ms - 14[39m
[35m[HTTP][39m [90m[39m
[35m[HTTP][39m [37m-->[39m [37mGET[39m [37m/wd/hub/session/b1c0372b-0b67-4fbd-a992-71d1d3d0beb9/source[39m
[35m[HTTP][39m [90m{}[39m
[35m[W3C (b1c0372b)][39m Driver proxy active, passing request on via HTTP proxy
[35m[WD Proxy][39m Replacing sessionId 20c4ee28-e9c6-450f-a80a-ad405b67c045 with b1c0372b-0b67-4fbd-a992-71d1d3d0beb9
[35m[HTTP][39m [37m<-- GET /wd/hub/session/b1c0372b-0b67-4fbd-a992-71d1d3d0beb9/source [39m[32m200[39m [90m2176 ms - 17614[39m
[35m[HTTP][39m [90m[39m
[35m[HTTP][39m [37m-->[39m [37mGET[39m [37m/wd/hub/session/b1c0372b-0b67-4fbd-a992-71d1d3d0beb9/screenshot[39m
[35m[HTTP][39m [90m{}[39m
[35m[HTTP][39m [37m<-- GET /wd/hub/session/b1c0372b-0b67-4fbd-a992-71d1d3d0beb9/screenshot [39m[32m200[39m [90m887 ms - 241986[39m
[35m[HTTP][39m [90m[39m
[35m[HTTP][39m [37m-->[39m [37mPOST[39m [37m/wd/hub/session/b1c0372b-0b67-4fbd-a992-71d1d3d0beb9/elements[39m
[35m[HTTP][39m [90m{"using":"xpath","value":"//*[@class = 'android.widget.TextView' and (@text = 'ezc_frontend' or . = 'ezc_frontend')]"}[39m
[35m[HTTP][39m [37m<-- POST /wd/hub/session/b1c0372b-0b67-4fbd-a992-71d1d3d0beb9/elements [39m[31m500[39m [90m37 ms - 2402[39m
[35m[HTTP][39m [90m[39m
[35m[HTTP][39m [37m-->[39m [37mPOST[39m [37m/wd/hub/session/b1c0372b-0b67-4fbd-a992-71d1d3d0beb9/elements[39m
[35m[HTTP][39m [90m{"using":"xpath","value":"//*[@class = 'android.widget.TextView' and (@text = 'ezc_frontend' or . = 'ezc_frontend')]"}[39m
[35m[HTTP][39m [37m<-- POST /wd/hub/session/b1c0372b-0b67-4fbd-a992-71d1d3d0beb9/elements [39m[31m500[39m [90m8 ms - 2402[39m
[35m[HTTP][39m [90m[39m
[35m[HTTP][39m [37m-->[39m [37mDELETE[39m [37m/wd/hub/session/b1c0372b-0b67-4fbd-a992-71d1d3d0beb9[39m
[35m[HTTP][39m [90m{}[39m
[35m[Appium][39m Removing session b1c0372b-0b67-4fbd-a992-71d1d3d0beb9 from our master session list
[35m[UiAutomator2][39m Did not get confirmation UiAutomator2 deleteSession worked; Error was: UnknownError: An unknown server-side error occurred while processing the command. Original error: 'DELETE /' cannot be proxied to UiAutomator2 server because the instrumentation process is not running (probably crashed). Check the server log and/or the logcat output for more details
[35m[UiAutomator2][39m Restoring hidden api policy to the device default configuration
[35m[HTTP][39m [37m<-- DELETE /wd/hub/session/b1c0372b-0b67-4fbd-a992-71d1d3d0beb9 [39m[32m200[39m [90m465 ms - 14[39m
[35m[HTTP][39m [90m[39m
